<?xml version="1.0" encoding="UTF-8"?>
<testsuite name="demolition.EndScreenTest" tests="1" skipped="0" failures="0" errors="0" timestamp="2021-11-05T12:04:55" hostname="192-168-1-101.tpgi.com.au" time="0.001">
  <properties/>
  <testcase name="loadEndScreen()" classname="demolition.EndScreenTest" time="0.001"/>
  <system-out><![CDATA[]]></system-out>
  <system-err><![CDATA[]]></system-err>
</testsuite>
