<?xml version="1.0" encoding="UTF-8"?>
<testsuite name="demolition.LivesTest" tests="4" skipped="0" failures="0" errors="0" timestamp="2021-11-05T12:04:55" hostname="192-168-1-101.tpgi.com.au" time="0.002">
  <properties/>
  <testcase name="livesDisplayReset()" classname="demolition.LivesTest" time="0.0"/>
  <testcase name="loadPlayerIcon()" classname="demolition.LivesTest" time="0.0"/>
  <testcase name="livesDisplayLoseLife()" classname="demolition.LivesTest" time="0.001"/>
  <testcase name="loadLives()" classname="demolition.LivesTest" time="0.0"/>
  <system-out><![CDATA[]]></system-out>
  <system-err><![CDATA[]]></system-err>
</testsuite>
