<?xml version="1.0" encoding="UTF-8"?>
<testsuite name="demolition.MapTest" tests="1" skipped="0" failures="0" errors="0" timestamp="2021-11-05T12:04:55" hostname="192-168-1-101.tpgi.com.au" time="0.003">
  <properties/>
  <testcase name="mapTest()" classname="demolition.MapTest" time="0.003"/>
  <system-out><![CDATA[]]></system-out>
  <system-err><![CDATA[]]></system-err>
</testsuite>
