<?xml version="1.0" encoding="UTF-8"?>
<testsuite name="demolition.TileTest" tests="3" skipped="0" failures="0" errors="0" timestamp="2021-11-05T12:04:55" hostname="192-168-1-101.tpgi.com.au" time="0.025">
  <properties/>
  <testcase name="emptyTileLoad()" classname="demolition.TileTest" time="0.022"/>
  <testcase name="wallLoad()" classname="demolition.TileTest" time="0.001"/>
  <testcase name="brokenWallLoad()" classname="demolition.TileTest" time="0.001"/>
  <system-out><![CDATA[]]></system-out>
  <system-err><![CDATA[]]></system-err>
</testsuite>
