<?xml version="1.0" encoding="UTF-8"?>
<testsuite name="demolition.BombTest" tests="28" skipped="0" failures="0" errors="0" timestamp="2021-11-05T12:04:55" hostname="192-168-1-101.tpgi.com.au" time="0.037">
  <properties/>
  <testcase name="bombDetonate()" classname="demolition.BombTest" time="0.005"/>
  <testcase name="loseLifeBombOneTileUp()" classname="demolition.BombTest" time="0.003"/>
  <testcase name="loseLifeBombTwoTileRight()" classname="demolition.BombTest" time="0.001"/>
  <testcase name="loseLifeBombTwoTilesDown()" classname="demolition.BombTest" time="0.001"/>
  <testcase name="loseLifeBombSameTile()" classname="demolition.BombTest" time="0.0"/>
  <testcase name="loseLifeBombOneTileRight()" classname="demolition.BombTest" time="0.0"/>
  <testcase name="deployBombBlockedByCorner()" classname="demolition.BombTest" time="0.001"/>
  <testcase name="deployBombBlockedByBrokenWallVerticalOneSquare1()" classname="demolition.BombTest" time="0.001"/>
  <testcase name="deployBombBlockedByBrokenWallVerticalOneSquare2()" classname="demolition.BombTest" time="0.001"/>
  <testcase name="deployBombBlockedBySolidWallHorizontal()" classname="demolition.BombTest" time="0.0"/>
  <testcase name="deployBombBrokenWallBlockedBySolidWall1()" classname="demolition.BombTest" time="0.001"/>
  <testcase name="deployBombBrokenWallBlockedBySolidWall2()" classname="demolition.BombTest" time="0.001"/>
  <testcase name="enemyTimerUndo()" classname="demolition.BombTest" time="0.001"/>
  <testcase name="bombSpriteTick()" classname="demolition.BombTest" time="0.001"/>
  <testcase name="deployBombBlockedBySolidWallVertical()" classname="demolition.BombTest" time="0.001"/>
  <testcase name="loseLifeBombOneTileDown()" classname="demolition.BombTest" time="0.001"/>
  <testcase name="loseLifeBombOneTileLeft()" classname="demolition.BombTest" time="0.0"/>
  <testcase name="deployBombBlockedByBrokenWallVerticalTwoSquares1()" classname="demolition.BombTest" time="0.0"/>
  <testcase name="deployBombBlockedByBrokenWallVerticalTwoSquares2()" classname="demolition.BombTest" time="0.0"/>
  <testcase name="deployBombBlockedByBrokenWallHorizontalTwoSquares()" classname="demolition.BombTest" time="0.001"/>
  <testcase name="deployBombClear()" classname="demolition.BombTest" time="0.0"/>
  <testcase name="loseLifeBombTwoTilesUp()" classname="demolition.BombTest" time="0.001"/>
  <testcase name="loseLifeBombTwoTileLeft()" classname="demolition.BombTest" time="0.001"/>
  <testcase name="bombRemoveYellowEnemy()" classname="demolition.BombTest" time="0.001"/>
  <testcase name="deployBombDestroyMultipleBrokenWalls1()" classname="demolition.BombTest" time="0.001"/>
  <testcase name="deployBombDestroyMultipleBrokenWalls2()" classname="demolition.BombTest" time="0.001"/>
  <testcase name="bombRemoveYellowEnemy2()" classname="demolition.BombTest" time="0.001"/>
  <testcase name="deployBombBlockedByBrokenWallHorizontalOneSquare()" classname="demolition.BombTest" time="0.001"/>
  <system-out><![CDATA[]]></system-out>
  <system-err><![CDATA[]]></system-err>
</testsuite>
